TN:
SF:my-element.js
FN:17,get styles
FN:28,get properties
FN:44,MyElement
FN:50,firstUpdated
FN:54,_updateActiveLinks
FN:65,render
FN:78,_onNavClick
FN:87,_onClick
FN:97,sayHello
FNF:9
FNH:6
FNDA:1,get styles
FNDA:1,get properties
FNDA:1,MyElement
FNDA:1,firstUpdated
FNDA:0,_updateActiveLinks
FNDA:1,render
FNDA:0,_onNavClick
FNDA:0,_onClick
FNDA:1,sayHello
DA:1,1
DA:2,1
DA:3,1
DA:4,1
DA:5,1
DA:6,1
DA:7,1
DA:8,1
DA:9,1
DA:10,1
DA:11,1
DA:12,1
DA:13,1
DA:14,1
DA:15,1
DA:16,1
DA:17,1
DA:18,1
DA:19,1
DA:20,1
DA:21,1
DA:22,1
DA:23,1
DA:24,1
DA:25,1
DA:26,1
DA:27,1
DA:28,1
DA:29,1
DA:30,1
DA:31,1
DA:32,1
DA:33,1
DA:34,1
DA:35,1
DA:36,1
DA:37,1
DA:38,1
DA:39,1
DA:40,1
DA:41,1
DA:42,1
DA:43,1
DA:44,1
DA:45,1
DA:46,1
DA:47,1
DA:48,1
DA:49,1
DA:50,1
DA:51,1
DA:52,1
DA:53,1
DA:54,1
DA:55,0
DA:56,0
DA:57,0
DA:58,0
DA:59,0
DA:60,0
DA:61,0
DA:62,0
DA:63,0
DA:64,1
DA:65,1
DA:66,1
DA:67,1
DA:68,1
DA:69,1
DA:70,1
DA:71,1
DA:72,1
DA:73,1
DA:74,1
DA:75,1
DA:76,1
DA:77,1
DA:78,1
DA:79,0
DA:80,0
DA:81,0
DA:82,0
DA:83,0
DA:84,0
DA:85,0
DA:86,1
DA:87,1
DA:88,0
DA:89,0
DA:90,0
DA:91,1
DA:92,1
DA:93,1
DA:94,1
DA:95,1
DA:96,1
DA:97,1
DA:98,1
DA:99,1
DA:100,1
DA:101,1
DA:102,1
LF:102
LH:83
BRDA:1,0,0,1
BRDA:17,1,0,1
BRDA:28,2,0,1
BRDA:44,3,0,1
BRDA:50,4,0,1
BRDA:65,5,0,1
BRDA:97,6,0,1
BRF:7
BRH:7
end_of_record
TN:
SF:src\localization.js
FN:109,setLocale
FN:119,t
FN:126,getLocale
FNF:3
FNH:3
FNDA:8,setLocale
FNDA:850,t
FNDA:8,getLocale
DA:1,5
DA:2,5
DA:3,5
DA:4,5
DA:5,5
DA:6,5
DA:7,5
DA:8,5
DA:9,5
DA:10,5
DA:11,5
DA:12,5
DA:13,5
DA:14,5
DA:15,5
DA:16,5
DA:17,5
DA:18,5
DA:19,5
DA:20,5
DA:21,5
DA:22,5
DA:23,5
DA:24,5
DA:25,5
DA:26,5
DA:27,5
DA:28,5
DA:29,5
DA:30,5
DA:31,5
DA:32,5
DA:33,5
DA:34,5
DA:35,5
DA:36,5
DA:37,5
DA:38,5
DA:39,5
DA:40,5
DA:41,5
DA:42,5
DA:43,5
DA:44,5
DA:45,5
DA:46,5
DA:47,5
DA:48,5
DA:49,5
DA:50,5
DA:51,5
DA:52,5
DA:53,5
DA:54,5
DA:55,5
DA:56,5
DA:57,5
DA:58,5
DA:59,5
DA:60,5
DA:61,5
DA:62,5
DA:63,5
DA:64,5
DA:65,5
DA:66,5
DA:67,5
DA:68,5
DA:69,5
DA:70,5
DA:71,5
DA:72,5
DA:73,5
DA:74,5
DA:75,5
DA:76,5
DA:77,5
DA:78,5
DA:79,5
DA:80,5
DA:81,5
DA:82,5
DA:83,5
DA:84,5
DA:85,5
DA:86,5
DA:87,5
DA:88,5
DA:89,5
DA:90,5
DA:91,5
DA:92,5
DA:93,5
DA:94,5
DA:95,5
DA:96,5
DA:97,5
DA:98,5
DA:99,5
DA:100,5
DA:101,5
DA:102,5
DA:103,5
DA:104,5
DA:105,5
DA:106,5
DA:107,5
DA:108,5
DA:109,5
DA:110,8
DA:111,0
DA:112,0
DA:113,0
DA:114,8
DA:115,8
DA:116,8
DA:117,8
DA:118,5
DA:119,5
DA:120,850
DA:121,850
DA:122,850
DA:123,5
DA:124,5
DA:125,5
DA:126,5
DA:127,8
DA:128,8
LF:128
LH:125
BRDA:1,0,0,5
BRDA:101,1,0,5
BRDA:103,2,0,0
BRDA:103,3,0,0
BRDA:105,4,0,0
BRDA:105,5,0,0
BRDA:119,6,0,850
BRDA:120,7,0,0
BRDA:121,8,0,1
BRDA:109,9,0,11
BRDA:110,10,0,3
BRDA:126,11,0,11
BRF:12
BRH:7
end_of_record
TN:
SF:src\store.js
FN:5,normalizePhone
FN:12,validateAndFormatPhone
FN:20,getEmployees
FN:22,addEmployee
FN:38,updateEmployee
FN:60,deleteEmployee
FN:65,getEmployeeById
FN:67,isEmailUnique
FN:70,isPhoneUnique
FNF:9
FNH:9
FNDA:7,normalizePhone
FNDA:7,validateAndFormatPhone
FNDA:29,getEmployees
FNDA:11,addEmployee
FNDA:2,updateEmployee
FNDA:2,deleteEmployee
FNDA:2,getEmployeeById
FNDA:15,isEmailUnique
FNDA:10,isPhoneUnique
DA:1,3
DA:2,3
DA:3,3
DA:4,3
DA:5,7
DA:6,7
DA:7,7
DA:8,7
DA:9,7
DA:10,7
DA:11,3
DA:12,7
DA:13,7
DA:14,7
DA:15,0
DA:16,0
DA:17,7
DA:18,7
DA:19,3
DA:20,3
DA:21,3
DA:22,3
DA:23,11
DA:24,7
DA:25,7
DA:26,7
DA:27,7
DA:28,5
DA:29,5
DA:30,2
DA:31,2
DA:32,2
DA:33,2
DA:34,2
DA:35,2
DA:36,3
DA:37,3
DA:38,3
DA:39,2
DA:40,2
DA:41,1
DA:42,1
DA:43,2
DA:44,1
DA:45,2
DA:46,0
DA:47,0
DA:48,0
DA:49,0
DA:50,0
DA:51,0
DA:52,1
DA:53,1
DA:54,1
DA:55,1
DA:56,1
DA:57,1
DA:58,3
DA:59,3
DA:60,3
DA:61,2
DA:62,2
DA:63,3
DA:64,3
DA:65,3
DA:66,3
DA:67,3
DA:68,3
DA:69,3
DA:70,3
DA:71,3
LF:71
LH:63
BRDA:1,0,0,3
BRDA:67,1,0,16
BRDA:70,2,0,11
BRDA:20,3,0,30
BRDA:5,4,0,9
BRDA:12,5,0,9
BRDA:14,6,0,2
BRDA:22,7,0,13
BRDA:23,8,0,6
BRDA:24,9,0,9
BRDA:27,10,0,7
BRDA:30,11,0,4
BRDA:32,12,0,4
BRDA:38,13,0,4
BRDA:40,14,0,3
BRDA:43,15,0,2
BRDA:44,16,0,3
BRDA:45,17,0,2
BRDA:52,18,0,3
BRDA:39,19,0,4
BRDA:53,20,0,3
BRDA:54,21,0,2
BRDA:60,22,0,4
BRDA:61,23,0,4
BRDA:65,24,0,4
BRDA:65,25,0,4
BRDA:68,26,0,14
BRDA:68,27,0,14
BRDA:71,28,0,9
BRDA:71,29,0,9
BRF:30
BRH:30
end_of_record
TN:
SF:src\components\confirm-dialog.js
FN:5,<static_initializer>
FN:69,ConfirmDialog
FN:74,ConfirmDialog.onConfirm
FN:75,ConfirmDialog.onCancel
FN:78,render
FN:96,_handleConfirm
FN:101,_handleCancel
FNF:7
FNH:5
FNDA:3,<static_initializer>
FNDA:22,ConfirmDialog
FNDA:0,ConfirmDialog.onConfirm
FNDA:0,ConfirmDialog.onCancel
FNDA:39,render
FNDA:1,_handleConfirm
FNDA:2,_handleCancel
DA:1,3
DA:2,3
DA:3,3
DA:4,3
DA:5,3
DA:6,3
DA:7,3
DA:8,3
DA:9,3
DA:10,3
DA:11,3
DA:12,3
DA:13,3
DA:14,3
DA:15,3
DA:16,3
DA:17,3
DA:18,3
DA:19,3
DA:20,3
DA:21,3
DA:22,3
DA:23,3
DA:24,3
DA:25,3
DA:26,3
DA:27,3
DA:28,3
DA:29,3
DA:30,3
DA:31,3
DA:32,3
DA:33,3
DA:34,3
DA:35,3
DA:36,3
DA:37,3
DA:38,3
DA:39,3
DA:40,3
DA:41,3
DA:42,3
DA:43,3
DA:44,3
DA:45,3
DA:46,3
DA:47,3
DA:48,3
DA:49,3
DA:50,3
DA:51,3
DA:52,3
DA:53,3
DA:54,3
DA:55,3
DA:56,3
DA:57,3
DA:58,3
DA:59,3
DA:60,3
DA:61,3
DA:62,3
DA:63,3
DA:64,3
DA:65,3
DA:66,3
DA:67,3
DA:68,3
DA:69,3
DA:70,22
DA:71,22
DA:72,22
DA:73,22
DA:74,22
DA:75,22
DA:76,22
DA:77,3
DA:78,3
DA:79,39
DA:80,6
DA:81,6
DA:82,6
DA:83,6
DA:84,6
DA:85,6
DA:86,6
DA:87,6
DA:88,6
DA:89,6
DA:90,6
DA:91,6
DA:92,6
DA:93,6
DA:94,39
DA:95,3
DA:96,3
DA:97,1
DA:98,1
DA:99,1
DA:100,3
DA:101,3
DA:102,2
DA:103,2
DA:104,2
DA:105,3
DA:106,3
DA:107,3
LF:107
LH:107
BRDA:1,0,0,3
BRDA:5,1,0,3
BRDA:69,2,0,22
BRDA:78,3,0,39
BRDA:79,4,0,35
BRDA:96,5,0,3
BRDA:101,6,0,4
BRDA:79,7,0,33
BRDA:80,8,0,6
BRF:9
BRH:9
end_of_record
TN:
SF:src\components\employee-form.js
FN:9,<static_initializer>
FN:167,EmployeeForm
FN:173,EmployeeForm._onLocaleChange
FN:177,connectedCallback
FN:190,disconnectedCallback
FN:195,handleInput
FN:201,validate
FN:222,_saveEmployee
FN:239,handleSubmit
FN:254,handleCancel
FN:258,render
FN:298,html.confirmDialogOpen
FNF:12
FNH:7
FNDA:1,<static_initializer>
FNDA:9,EmployeeForm
FNDA:0,EmployeeForm._onLocaleChange
FNDA:9,connectedCallback
FNDA:9,disconnectedCallback
FNDA:0,handleInput
FNDA:2,validate
FNDA:0,_saveEmployee
FNDA:5,handleSubmit
FNDA:0,handleCancel
FNDA:16,render
FNDA:0,html.confirmDialogOpen
DA:1,1
DA:2,1
DA:3,1
DA:4,1
DA:5,1
DA:6,1
DA:7,1
DA:8,1
DA:9,1
DA:10,1
DA:11,1
DA:12,1
DA:13,1
DA:14,1
DA:15,1
DA:16,1
DA:17,1
DA:18,1
DA:19,1
DA:20,1
DA:21,1
DA:22,1
DA:23,1
DA:24,1
DA:25,1
DA:26,1
DA:27,1
DA:28,1
DA:29,1
DA:30,1
DA:31,1
DA:32,1
DA:33,1
DA:34,1
DA:35,1
DA:36,1
DA:37,1
DA:38,1
DA:39,1
DA:40,1
DA:41,1
DA:42,1
DA:43,1
DA:44,1
DA:45,1
DA:46,1
DA:47,1
DA:48,1
DA:49,1
DA:50,1
DA:51,1
DA:52,1
DA:53,1
DA:54,1
DA:55,1
DA:56,1
DA:57,1
DA:58,1
DA:59,1
DA:60,1
DA:61,1
DA:62,1
DA:63,1
DA:64,1
DA:65,1
DA:66,1
DA:67,1
DA:68,1
DA:69,1
DA:70,1
DA:71,1
DA:72,1
DA:73,1
DA:74,1
DA:75,1
DA:76,1
DA:77,1
DA:78,1
DA:79,1
DA:80,1
DA:81,1
DA:82,1
DA:83,1
DA:84,1
DA:85,1
DA:86,1
DA:87,1
DA:88,1
DA:89,1
DA:90,1
DA:91,1
DA:92,1
DA:93,1
DA:94,1
DA:95,1
DA:96,1
DA:97,1
DA:98,1
DA:99,1
DA:100,1
DA:101,1
DA:102,1
DA:103,1
DA:104,1
DA:105,1
DA:106,1
DA:107,1
DA:108,1
DA:109,1
DA:110,1
DA:111,1
DA:112,1
DA:113,1
DA:114,1
DA:115,1
DA:116,1
DA:117,1
DA:118,1
DA:119,1
DA:120,1
DA:121,1
DA:122,1
DA:123,1
DA:124,1
DA:125,1
DA:126,1
DA:127,1
DA:128,1
DA:129,1
DA:130,1
DA:131,1
DA:132,1
DA:133,1
DA:134,1
DA:135,1
DA:136,1
DA:137,1
DA:138,1
DA:139,1
DA:140,1
DA:141,1
DA:142,1
DA:143,1
DA:144,1
DA:145,1
DA:146,1
DA:147,1
DA:148,1
DA:149,1
DA:150,1
DA:151,1
DA:152,1
DA:153,1
DA:154,1
DA:155,1
DA:156,1
DA:157,1
DA:158,1
DA:159,1
DA:160,1
DA:161,1
DA:162,1
DA:163,1
DA:164,1
DA:165,1
DA:166,1
DA:167,1
DA:168,9
DA:169,9
DA:170,9
DA:171,9
DA:172,9
DA:173,9
DA:174,9
DA:175,9
DA:176,1
DA:177,1
DA:178,9
DA:179,9
DA:180,9
DA:181,0
DA:182,0
DA:183,0
DA:184,0
DA:185,0
DA:186,0
DA:187,9
DA:188,9
DA:189,1
DA:190,1
DA:191,9
DA:192,9
DA:193,9
DA:194,1
DA:195,1
DA:196,0
DA:197,0
DA:198,0
DA:199,0
DA:200,1
DA:201,1
DA:202,2
DA:203,9
DA:204,1
DA:205,1
DA:206,1
DA:207,1
DA:208,9
DA:209,2
DA:210,0
DA:211,0
DA:212,0
DA:213,0
DA:214,2
DA:215,0
DA:216,0
DA:217,0
DA:218,0
DA:219,1
DA:220,2
DA:221,1
DA:222,1
DA:223,0
DA:224,0
DA:225,0
DA:226,0
DA:227,0
DA:228,0
DA:229,0
DA:230,0
DA:231,0
DA:232,0
DA:233,0
DA:234,0
DA:235,0
DA:236,0
DA:237,0
DA:238,1
DA:239,1
DA:240,5
DA:241,5
DA:242,5
DA:243,5
DA:244,5
DA:245,2
DA:246,5
DA:247,1
DA:248,1
DA:249,1
DA:250,1
DA:251,1
DA:252,5
DA:253,1
DA:254,1
DA:255,0
DA:256,0
DA:257,1
DA:258,1
DA:259,16
DA:260,16
DA:261,16
DA:262,16
DA:263,16
DA:264,16
DA:265,16
DA:266,16
DA:267,16
DA:268,16
DA:269,16
DA:270,16
DA:271,16
DA:272,16
DA:273,16
DA:274,16
DA:275,16
DA:276,16
DA:277,16
DA:278,16
DA:279,16
DA:280,16
DA:281,16
DA:282,16
DA:283,16
DA:284,16
DA:285,16
DA:286,16
DA:287,16
DA:288,16
DA:289,16
DA:290,16
DA:291,16
DA:292,16
DA:293,16
DA:294,16
DA:295,16
DA:296,16
DA:297,16
DA:298,16
DA:299,16
DA:300,16
DA:301,16
DA:302,16
DA:303,1
DA:304,1
LF:304
LH:269
BRDA:1,0,0,1
BRDA:9,1,0,1
BRDA:167,2,0,9
BRDA:177,3,0,9
BRDA:180,4,0,0
BRDA:190,5,0,9
BRDA:201,6,0,2
BRDA:202,7,0,9
BRDA:203,8,0,1
BRDA:209,9,0,1
BRDA:209,10,0,0
BRDA:214,11,0,1
BRDA:214,12,0,0
BRDA:219,13,0,1
BRDA:239,14,0,5
BRDA:244,15,0,3
BRDA:245,16,0,2
BRDA:246,17,0,1
BRDA:258,18,0,16
BRDA:292,19,0,4
BRDA:292,20,0,4
BRDA:292,21,0,4
BRDA:292,22,0,12
BRF:23
BRH:20
end_of_record
TN:
SF:src\components\employee-list.js
FN:8,<static_initializer>
FN:214,EmployeeList
FN:220,EmployeeList._onLocaleChange
FN:225,connectedCallback
FN:231,disconnectedCallback
FN:236,setView
FN:241,handleSearch
FN:246,get filteredEmployees
FN:263,get perPage
FN:269,get pagedEmployees
FN:274,get totalPages
FN:278,changePage
FN:282,deleteRecord
FN:294,confirmDelete
FN:299,deleteConfirmed
FN:320,render
FN:351,html.confirmDialogOpen
FN:421,Array.from.length
FNF:18
FNH:13
FNDA:1,<static_initializer>
FNDA:8,EmployeeList
FNDA:0,EmployeeList._onLocaleChange
FNDA:8,connectedCallback
FNDA:8,disconnectedCallback
FNDA:1,setView
FNDA:2,handleSearch
FNDA:74,get filteredEmployees
FNDA:89,get perPage
FNDA:15,get pagedEmployees
FNDA:59,get totalPages
FNDA:1,changePage
FNDA:0,deleteRecord
FNDA:1,confirmDelete
FNDA:0,deleteConfirmed
FNDA:15,render
FNDA:0,html.confirmDialogOpen
FNDA:0,Array.from.length
DA:1,1
DA:2,1
DA:3,1
DA:4,1
DA:5,1
DA:6,1
DA:7,1
DA:8,1
DA:9,1
DA:10,1
DA:11,1
DA:12,1
DA:13,1
DA:14,1
DA:15,1
DA:16,1
DA:17,1
DA:18,1
DA:19,1
DA:20,1
DA:21,1
DA:22,1
DA:23,1
DA:24,1
DA:25,1
DA:26,1
DA:27,1
DA:28,1
DA:29,1
DA:30,1
DA:31,1
DA:32,1
DA:33,1
DA:34,1
DA:35,1
DA:36,1
DA:37,1
DA:38,1
DA:39,1
DA:40,1
DA:41,1
DA:42,1
DA:43,1
DA:44,1
DA:45,1
DA:46,1
DA:47,1
DA:48,1
DA:49,1
DA:50,1
DA:51,1
DA:52,1
DA:53,1
DA:54,1
DA:55,1
DA:56,1
DA:57,1
DA:58,1
DA:59,1
DA:60,1
DA:61,1
DA:62,1
DA:63,1
DA:64,1
DA:65,1
DA:66,1
DA:67,1
DA:68,1
DA:69,1
DA:70,1
DA:71,1
DA:72,1
DA:73,1
DA:74,1
DA:75,1
DA:76,1
DA:77,1
DA:78,1
DA:79,1
DA:80,1
DA:81,1
DA:82,1
DA:83,1
DA:84,1
DA:85,1
DA:86,1
DA:87,1
DA:88,1
DA:89,1
DA:90,1
DA:91,1
DA:92,1
DA:93,1
DA:94,1
DA:95,1
DA:96,1
DA:97,1
DA:98,1
DA:99,1
DA:100,1
DA:101,1
DA:102,1
DA:103,1
DA:104,1
DA:105,1
DA:106,1
DA:107,1
DA:108,1
DA:109,1
DA:110,1
DA:111,1
DA:112,1
DA:113,1
DA:114,1
DA:115,1
DA:116,1
DA:117,1
DA:118,1
DA:119,1
DA:120,1
DA:121,1
DA:122,1
DA:123,1
DA:124,1
DA:125,1
DA:126,1
DA:127,1
DA:128,1
DA:129,1
DA:130,1
DA:131,1
DA:132,1
DA:133,1
DA:134,1
DA:135,1
DA:136,1
DA:137,1
DA:138,1
DA:139,1
DA:140,1
DA:141,1
DA:142,1
DA:143,1
DA:144,1
DA:145,1
DA:146,1
DA:147,1
DA:148,1
DA:149,1
DA:150,1
DA:151,1
DA:152,1
DA:153,1
DA:154,1
DA:155,1
DA:156,1
DA:157,1
DA:158,1
DA:159,1
DA:160,1
DA:161,1
DA:162,1
DA:163,1
DA:164,1
DA:165,1
DA:166,1
DA:167,1
DA:168,1
DA:169,1
DA:170,1
DA:171,1
DA:172,1
DA:173,1
DA:174,1
DA:175,1
DA:176,1
DA:177,1
DA:178,1
DA:179,1
DA:180,1
DA:181,1
DA:182,1
DA:183,1
DA:184,1
DA:185,1
DA:186,1
DA:187,1
DA:188,1
DA:189,1
DA:190,1
DA:191,1
DA:192,1
DA:193,1
DA:194,1
DA:195,1
DA:196,1
DA:197,1
DA:198,1
DA:199,1
DA:200,1
DA:201,1
DA:202,1
DA:203,1
DA:204,1
DA:205,1
DA:206,1
DA:207,1
DA:208,1
DA:209,1
DA:210,1
DA:211,1
DA:212,1
DA:213,1
DA:214,1
DA:215,8
DA:216,8
DA:217,8
DA:218,8
DA:219,8
DA:220,8
DA:221,8
DA:222,8
DA:223,8
DA:224,1
DA:225,1
DA:226,8
DA:227,8
DA:228,8
DA:229,8
DA:230,1
DA:231,1
DA:232,8
DA:233,8
DA:234,8
DA:235,1
DA:236,1
DA:237,1
DA:238,1
DA:239,1
DA:240,1
DA:241,1
DA:242,2
DA:243,2
DA:244,2
DA:245,1
DA:246,1
DA:247,74
DA:248,10
DA:249,20
DA:250,20
DA:251,20
DA:252,20
DA:253,20
DA:254,20
DA:255,20
DA:256,20
DA:257,20
DA:258,20
DA:259,20
DA:260,10
DA:261,74
DA:262,1
DA:263,1
DA:264,89
DA:265,89
DA:266,6
DA:267,89
DA:268,1
DA:269,1
DA:270,15
DA:271,15
DA:272,15
DA:273,1
DA:274,1
DA:275,59
DA:276,59
DA:277,1
DA:278,1
DA:279,1
DA:280,1
DA:281,1
DA:282,1
DA:283,0
DA:284,0
DA:285,0
DA:286,0
DA:287,0
DA:288,0
DA:289,0
DA:290,0
DA:291,0
DA:292,0
DA:293,1
DA:294,1
DA:295,1
DA:296,1
DA:297,1
DA:298,1
DA:299,1
DA:300,0
DA:301,0
DA:302,0
DA:303,0
DA:304,0
DA:305,0
DA:306,0
DA:307,0
DA:308,0
DA:309,0
DA:310,0
DA:311,0
DA:312,0
DA:313,0
DA:314,0
DA:315,0
DA:316,0
DA:317,0
DA:318,1
DA:319,1
DA:320,1
DA:321,15
DA:322,15
DA:323,15
DA:324,15
DA:325,15
DA:326,15
DA:327,15
DA:328,15
DA:329,15
DA:330,15
DA:331,15
DA:332,15
DA:333,15
DA:334,15
DA:335,15
DA:336,15
DA:337,15
DA:338,15
DA:339,15
DA:340,15
DA:341,15
DA:342,15
DA:343,15
DA:344,15
DA:345,15
DA:346,15
DA:347,15
DA:348,15
DA:349,15
DA:350,15
DA:351,15
DA:352,15
DA:353,15
DA:354,15
DA:355,15
DA:356,14
DA:357,14
DA:358,14
DA:359,14
DA:360,14
DA:361,14
DA:362,14
DA:363,14
DA:364,14
DA:365,14
DA:366,14
DA:367,14
DA:368,14
DA:369,14
DA:370,14
DA:371,14
DA:372,14
DA:373,33
DA:374,33
DA:375,33
DA:376,33
DA:377,33
DA:378,33
DA:379,33
DA:380,33
DA:381,33
DA:382,33
DA:383,33
DA:384,33
DA:385,33
DA:386,33
DA:387,14
DA:388,14
DA:389,14
DA:390,14
DA:391,15
DA:392,1
DA:393,1
DA:394,1
DA:395,2
DA:396,2
DA:397,2
DA:398,2
DA:399,2
DA:400,2
DA:401,2
DA:402,2
DA:403,2
DA:404,2
DA:405,2
DA:406,2
DA:407,2
DA:408,2
DA:409,2
DA:410,2
DA:411,2
DA:412,2
DA:413,2
DA:414,2
DA:415,1
DA:416,1
DA:417,1
DA:418,15
DA:419,15
DA:420,15
DA:421,15
DA:422,15
DA:423,15
DA:424,15
DA:425,15
DA:426,15
DA:427,15
DA:428,15
DA:429,15
DA:430,15
DA:431,15
DA:432,1
DA:433,1
DA:434,1
LF:434
LH:406
BRDA:1,0,0,1
BRDA:8,1,0,1
BRDA:214,2,0,8
BRDA:225,3,0,8
BRDA:231,4,0,8
BRDA:236,5,0,1
BRDA:241,6,0,2
BRDA:246,7,0,74
BRDA:247,8,0,64
BRDA:248,9,0,10
BRDA:248,10,0,20
BRDA:263,11,0,89
BRDA:264,12,0,83
BRDA:265,13,0,6
BRDA:265,14,0,0
BRDA:266,15,0,6
BRDA:269,16,0,15
BRDA:274,17,0,59
BRDA:278,18,0,1
BRDA:294,19,0,1
BRDA:320,20,0,15
BRDA:321,21,0,1
BRDA:321,22,0,14
BRDA:322,23,0,1
BRDA:322,24,0,14
BRDA:329,25,0,14
BRDA:329,26,0,1
BRDA:334,27,0,1
BRDA:334,28,0,14
BRDA:350,29,0,1
BRDA:350,30,0,1
BRDA:355,31,0,14
BRDA:391,32,0,1
BRDA:335,33,0,1
BRDA:372,34,0,33
BRDA:384,35,0,1
BRDA:394,36,0,2
BRDA:422,37,0,15
BRDA:422,38,0,15
BRDA:424,39,0,13
BRDA:424,40,0,2
BRDA:425,41,0,1
BRF:42
BRH:41
end_of_record
TN:
SF:src\components\nav-menu.js
FN:6,<static_initializer>
FN:66,NavMenu
FN:73,connectedCallback
FN:81,disconnectedCallback
FN:89,_onLocationChanged
FN:93,render
FN:121,_onLocaleChange
FNF:7
FNH:7
FNDA:1,<static_initializer>
FNDA:5,NavMenu
FNDA:5,connectedCallback
FNDA:5,disconnectedCallback
FNDA:1,_onLocationChanged
FNDA:7,render
FNDA:1,_onLocaleChange
DA:1,1
DA:2,1
DA:3,1
DA:4,1
DA:5,1
DA:6,1
DA:7,1
DA:8,1
DA:9,1
DA:10,1
DA:11,1
DA:12,1
DA:13,1
DA:14,1
DA:15,1
DA:16,1
DA:17,1
DA:18,1
DA:19,1
DA:20,1
DA:21,1
DA:22,1
DA:23,1
DA:24,1
DA:25,1
DA:26,1
DA:27,1
DA:28,1
DA:29,1
DA:30,1
DA:31,1
DA:32,1
DA:33,1
DA:34,1
DA:35,1
DA:36,1
DA:37,1
DA:38,1
DA:39,1
DA:40,1
DA:41,1
DA:42,1
DA:43,1
DA:44,1
DA:45,1
DA:46,1
DA:47,1
DA:48,1
DA:49,1
DA:50,1
DA:51,1
DA:52,1
DA:53,1
DA:54,1
DA:55,1
DA:56,1
DA:57,1
DA:58,1
DA:59,1
DA:60,1
DA:61,1
DA:62,1
DA:63,1
DA:64,1
DA:65,1
DA:66,1
DA:67,5
DA:68,5
DA:69,5
DA:70,5
DA:71,5
DA:72,1
DA:73,1
DA:74,5
DA:75,5
DA:76,5
DA:77,5
DA:78,5
DA:79,5
DA:80,1
DA:81,1
DA:82,5
DA:83,5
DA:84,5
DA:85,5
DA:86,5
DA:87,5
DA:88,1
DA:89,1
DA:90,1
DA:91,1
DA:92,1
DA:93,1
DA:94,7
DA:95,7
DA:96,7
DA:97,7
DA:98,7
DA:99,7
DA:100,7
DA:101,7
DA:102,7
DA:103,7
DA:104,7
DA:105,7
DA:106,7
DA:107,7
DA:108,14
DA:109,14
DA:110,14
DA:111,14
DA:112,7
DA:113,7
DA:114,7
DA:115,7
DA:116,7
DA:117,7
DA:118,7
DA:119,7
DA:120,1
DA:121,1
DA:122,1
DA:123,1
DA:124,1
DA:125,1
DA:126,1
DA:127,1
DA:128,1
LF:128
LH:128
BRDA:1,0,0,1
BRDA:6,1,0,1
BRDA:66,2,0,5
BRDA:73,3,0,5
BRDA:81,4,0,5
BRDA:89,5,0,1
BRDA:93,6,0,7
BRDA:107,7,0,14
BRDA:121,8,0,1
BRF:9
BRH:9
end_of_record
TN:
SF:src\styles\shared-styles.js
FNF:0
FNH:0
DA:1,2
DA:2,2
DA:3,2
DA:4,2
DA:5,2
DA:6,2
DA:7,2
DA:8,2
DA:9,2
DA:10,2
DA:11,2
DA:12,2
DA:13,2
DA:14,2
DA:15,2
DA:16,2
DA:17,2
DA:18,2
DA:19,2
DA:20,2
DA:21,2
DA:22,2
DA:23,2
DA:24,2
DA:25,2
DA:26,2
DA:27,2
DA:28,2
DA:29,2
DA:30,2
DA:31,2
DA:32,2
DA:33,2
DA:34,2
DA:35,2
DA:36,2
DA:37,2
DA:38,2
DA:39,2
DA:40,2
DA:41,2
DA:42,2
DA:43,2
DA:44,2
DA:45,2
DA:46,2
DA:47,2
DA:48,2
DA:49,2
DA:50,2
DA:51,2
DA:52,2
DA:53,2
DA:54,2
DA:55,2
LF:55
LH:55
BRDA:1,0,0,2
BRF:1
BRH:1
end_of_record
